<?xml version="1.0" encoding="UTF-8"?>
<testsuite name="com.bridgelabz.petstorerestausserdtesting.PetStoreRestAussredTesting" tests="6" skipped="0" failures="0" errors="0" timestamp="2022-08-23T06:20:28" hostname="DESKTOP-RUA6ENJ" time="12.623">
  <properties/>
  <testcase name="acreateUser" classname="com.bridgelabz.petstorerestausserdtesting.PetStoreRestAussredTesting" time="5.647"/>
  <testcase name="buserName" classname="com.bridgelabz.petstorerestausserdtesting.PetStoreRestAussredTesting" time="1.768"/>
  <testcase name="ccreateWithList" classname="com.bridgelabz.petstorerestausserdtesting.PetStoreRestAussredTesting" time="1.218"/>
  <testcase name="dlogin" classname="com.bridgelabz.petstorerestausserdtesting.PetStoreRestAussredTesting" time="1.338"/>
  <testcase name="eupdatedUser" classname="com.bridgelabz.petstorerestausserdtesting.PetStoreRestAussredTesting" time="1.303"/>
  <testcase name="fdeleteUser" classname="com.bridgelabz.petstorerestausserdtesting.PetStoreRestAussredTesting" time="1.318"/>
  <system-out><![CDATA[{
    "code": 200,
    "type": "unknown",
    "message": "6874989318"
}
{
    "id": 6874989211,
    "username": "Mohini",
    "firstName": "Mohini",
    "lastName": "Patange",
    "email": "Mohinipatange39@gmail.com",
    "password": "Mohi@1234",
    "phone": "9350127300",
    "userStatus": 0
}
{
    "code": 200,
    "type": "unknown",
    "message": "ok"
}
{
    "code": 200,
    "type": "unknown",
    "message": "logged in user session:1661235634610"
}
{
    "code": 200,
    "type": "unknown",
    "message": "6874989319"
}
{
    "id": 6874989212,
    "username": "Rohini",
    "firstName": "Rohini",
    "lastName": "Patange",
    "email": "rose23@gmail.com",
    "password": "rose@1234",
    "phone": "9349592321",
    "userStatus": 0
}
]]></system-out>
  <system-err><![CDATA[]]></system-err>
</testsuite>
